Build started 6/4/2013 8:28:56 AM.
     1>Project "C:\Users\Luke\Documents\Project Euler\Project_Euler\Project_Euler\Project_Euler.vcxproj" on node 2 (build target(s)).
     1>InitializeBuildStatus:
         Creating "Debug\Project_Euler.unsuccessfulbuild" because "AlwaysCreate" was specified.
       ClCompile:
         c:\Program Files (x86)\Microsoft Visual Studio 10.0\VC\bin\CL.exe /c /ZI /nologo /W3 /WX- /Od /Oy- /D WIN32 /D _DEBUG /D _CONSOLE /D _UNICODE /D UNICODE /Gm /EHsc /RTC1 /MDd /GS /fp:precise /Zc:wchar_t /Zc:forScope /Fo"Debug\\" /Fd"Debug\vc100.pdb" /Gd /TP /analyze- /errorReport:prompt main.cpp
         main.cpp
       ManifestResourceCompile:
         All outputs are up-to-date.
       Link:
         c:\Program Files (x86)\Microsoft Visual Studio 10.0\VC\bin\link.exe /ERRORREPORT:PROMPT /OUT:"C:\Users\Luke\Documents\Project Euler\Project_Euler\Debug\Project_Euler.exe" /INCREMENTAL /NOLOGO kernel32.lib user32.lib gdi32.lib winspool.lib comdlg32.lib advapi32.lib shell32.lib ole32.lib oleaut32.lib uuid.lib odbc32.lib odbccp32.lib /MANIFEST /ManifestFile:"Debug\Project_Euler.exe.intermediate.manifest" /MANIFESTUAC:"level='asInvoker' uiAccess='false'" /DEBUG /PDB:"C:\Users\Luke\Documents\Project Euler\Project_Euler\Debug\Project_Euler.pdb" /SUBSYSTEM:CONSOLE /TLBID:1 /DYNAMICBASE /NXCOMPAT /IMPLIB:"C:\Users\Luke\Documents\Project Euler\Project_Euler\Debug\Project_Euler.lib" /MACHINE:X86 Debug\Project_Euler.exe.embed.manifest.res
         Debug\main.obj
       Manifest:
         C:\Program Files (x86)\Microsoft SDKs\Windows\v7.0A\bin\mt.exe /nologo /verbose /out:"Debug\Project_Euler.exe.embed.manifest" /manifest Debug\Project_Euler.exe.intermediate.manifest
         All outputs are up-to-date.
       LinkEmbedManifest:
         All outputs are up-to-date.
         Project_Euler.vcxproj -> C:\Users\Luke\Documents\Project Euler\Project_Euler\Debug\Project_Euler.exe
       FinalizeBuildStatus:
         Deleting file "Debug\Project_Euler.unsuccessfulbuild".
         Touching "Debug\Project_Euler.lastbuildstate".
     1>Done Building Project "C:\Users\Luke\Documents\Project Euler\Project_Euler\Project_Euler\Project_Euler.vcxproj" (build target(s)).

Build succeeded.

Time Elapsed 00:00:01.16
